<?xml version="1.0" encoding="UTF-8"?>
<!-- Generated by org.testng.reporters.JUnitXMLReporter -->
<testsuite ignored="0" hostname="LAPTOP-LTJ0E81S" failures="0" tests="3" name="test" time="0.046" errors="0" timestamp="2023-04-06T09:38:04 IST">
  <testcase classname="com.sgtesting.tests.Users" name="method1" time="0.005"/>
  <testcase classname="com.sgtesting.tests.Users" name="method2" time="0.002"/>
  <testcase classname="com.sgtesting.tests.Users" name="method3" time="0.003"/>
</testsuite> <!-- test -->
